2018-12-28T03:04:02.094Z - info:   [06316] *** FOLDER: d:\Git\ixin\landing ***
2018-12-28T03:04:02.095Z - info:   [06316] AzureReposVSCode/1.144.1 (VSCode 1.30.1; Windows_NT 10.0.17134; Node 8.9.3)
2018-12-28T03:04:02.097Z - debug:  [06316] Looking for an External Context at d:\Git\ixin\landing
2018-12-28T03:04:02.097Z - debug:  [06316] No External Context at d:\Git\ixin\landing
2018-12-28T03:04:02.099Z - debug:  [06316] Looking for TFVC repository at d:\Git\ixin\landing
2018-12-28T03:04:02.100Z - debug:  [06316] TFVC Creating Tfvc object with localPath='undefined'
2018-12-28T03:04:02.102Z - debug:  [06316] Using TFS proxy: 
2018-12-28T03:04:02.102Z - debug:  [06316] TFVC Retrieved from settings; localPath='C:\Program Files (x86)\Microsoft Visual Studio 14.0\Common7\IDE\TF.exe'
2018-12-28T03:04:02.115Z - debug:  [06316] TFVC Repository created with repositoryRootFolder='d:\Git\ixin\landing'
2018-12-28T03:04:02.117Z - debug:  [06316] TFVC Repository.CheckVersion
2018-12-28T03:04:02.118Z - debug:  [06316] TFVC: tf add -noprompt -?
2018-12-28T03:04:02.131Z - debug:  [06316] TFVC: spawned new process (duration: 12ms)
2018-12-28T03:04:02.138Z - debug:  [06316] TFVC: spawned new process (duration: 4ms)
2018-12-28T03:04:38.136Z - debug:  [06316] TFVC: add exit code: 0 (duration: 36018ms)
2018-12-28T03:04:38.137Z - debug:  [06316] TFVC Minimum required version: 14.102.0
2018-12-28T03:04:38.137Z - debug:  [06316] TFVC (TF.exe, TF.cmd) version: 14.102.25619.0
2018-12-28T03:04:38.137Z - debug:  [06316] TFVC Repository.FindWorkspace with localPath='d:\Git\ixin\landing'
2018-12-28T03:04:38.138Z - debug:  [06316] TFVC: tf workfold -noprompt ********
2018-12-28T03:04:38.144Z - debug:  [06316] TFVC: spawned new process (duration: 5ms)
2018-12-28T03:04:38.423Z - debug:  [06316] TFVC: workfold exit code: 100 (duration: 285ms)
2018-12-28T03:04:38.424Z - debug:  [06316] TFVC errors (via stderr): Unable to determine the source control server.

2018-12-28T03:04:38.424Z - error:  [06316] Could not find a workspace with mappings (e.g., not a TFVC repository, wrong version of TF is being used).
2018-12-28T03:05:00.825Z - debug:  [06316] Reinitializing due to onDidChangeConfiguration
2018-12-28T03:05:00.827Z - debug:  [06316] Polling interval value (minutes): 5
2018-12-28T03:05:00.827Z - debug:  [06316] Polling interval must be greater than 10 minutes.
2018-12-28T03:05:00.840Z - info:   [06316] *** FOLDER: d:\Git\ixin\landing ***
2018-12-28T03:05:00.841Z - info:   [06316] AzureReposVSCode/1.144.1 (VSCode 1.30.1; Windows_NT 10.0.17134; Node 8.9.3)
2018-12-28T03:05:00.842Z - debug:  [06316] Looking for an External Context at d:\Git\ixin\landing
2018-12-28T03:05:00.842Z - debug:  [06316] No External Context at d:\Git\ixin\landing
2018-12-28T03:05:00.845Z - debug:  [06316] Looking for TFVC repository at d:\Git\ixin\landing
2018-12-28T03:05:00.845Z - debug:  [06316] TFVC Creating Tfvc object with localPath='undefined'
2018-12-28T03:05:00.846Z - debug:  [06316] Using TFS proxy: 
2018-12-28T03:05:00.847Z - debug:  [06316] TFVC Retrieved from settings; localPath='C:\Program Files (x86)\Microsoft Visual Studio 14.0\Common7\IDE\TF.exe'
2018-12-28T03:05:00.847Z - debug:  [06316] TFVC Repository created with repositoryRootFolder='d:\Git\ixin\landing'
2018-12-28T03:05:00.848Z - debug:  [06316] TFVC Repository.CheckVersion
2018-12-28T03:05:00.849Z - debug:  [06316] TFVC: tf add -noprompt -?
2018-12-28T03:05:00.857Z - debug:  [06316] TFVC: spawned new process (duration: 7ms)
2018-12-28T03:05:01.013Z - debug:  [06316] TFVC: add exit code: 0 (duration: 164ms)
2018-12-28T03:05:01.014Z - debug:  [06316] TFVC Minimum required version: 14.102.0
2018-12-28T03:05:01.015Z - debug:  [06316] TFVC (TF.exe, TF.cmd) version: 14.102.25619.0
2018-12-28T03:05:01.015Z - debug:  [06316] TFVC Repository.FindWorkspace with localPath='d:\Git\ixin\landing'
2018-12-28T03:05:01.016Z - debug:  [06316] TFVC: tf workfold -noprompt ********
2018-12-28T03:05:01.027Z - debug:  [06316] TFVC: spawned new process (duration: 10ms)
2018-12-28T03:05:01.486Z - debug:  [06316] TFVC: workfold exit code: 100 (duration: 469ms)
2018-12-28T03:05:01.487Z - debug:  [06316] TFVC errors (via stderr): Unable to determine the source control server.

2018-12-28T03:05:01.487Z - error:  [06316] Could not find a workspace with mappings (e.g., not a TFVC repository, wrong version of TF is being used).
2018-12-28T03:05:44.485Z - debug:  [06316] Reinitializing due to onDidChangeConfiguration
2018-12-28T03:05:44.486Z - debug:  [06316] Polling interval value (minutes): 5
2018-12-28T03:05:44.486Z - debug:  [06316] Polling interval must be greater than 10 minutes.
2018-12-28T03:05:44.490Z - info:   [06316] *** FOLDER: d:\Git\ixin\landing ***
2018-12-28T03:05:44.490Z - info:   [06316] AzureReposVSCode/1.144.1 (VSCode 1.30.1; Windows_NT 10.0.17134; Node 8.9.3)
2018-12-28T03:05:44.490Z - debug:  [06316] Looking for an External Context at d:\Git\ixin\landing
2018-12-28T03:05:44.490Z - debug:  [06316] No External Context at d:\Git\ixin\landing
2018-12-28T03:05:44.498Z - debug:  [06316] Looking for TFVC repository at d:\Git\ixin\landing
2018-12-28T03:05:44.498Z - debug:  [06316] TFVC Creating Tfvc object with localPath='undefined'
2018-12-28T03:05:44.499Z - debug:  [06316] Using TFS proxy: 
2018-12-28T03:05:44.499Z - debug:  [06316] TFVC Retrieved from settings; localPath='C:\Program Files (x86)\Microsoft Visual Studio 14.0\Common7\IDE\TF.exe'
2018-12-28T03:05:44.500Z - debug:  [06316] TFVC Repository created with repositoryRootFolder='d:\Git\ixin\landing'
2018-12-28T03:05:44.503Z - debug:  [06316] TFVC Repository.CheckVersion
2018-12-28T03:05:44.503Z - debug:  [06316] TFVC: tf add -noprompt -?
2018-12-28T03:05:44.508Z - debug:  [06316] TFVC: spawned new process (duration: 5ms)
2018-12-28T03:05:44.580Z - debug:  [06316] TFVC: add exit code: 0 (duration: 77ms)
2018-12-28T03:05:44.580Z - debug:  [06316] TFVC Minimum required version: 14.102.0
2018-12-28T03:05:44.581Z - debug:  [06316] TFVC (TF.exe, TF.cmd) version: 14.102.25619.0
2018-12-28T03:05:44.581Z - debug:  [06316] TFVC Repository.FindWorkspace with localPath='d:\Git\ixin\landing'
2018-12-28T03:05:44.581Z - debug:  [06316] TFVC: tf workfold -noprompt ********
2018-12-28T03:05:44.587Z - debug:  [06316] TFVC: spawned new process (duration: 5ms)
2018-12-28T03:05:44.911Z - debug:  [06316] TFVC: workfold exit code: 100 (duration: 329ms)
2018-12-28T03:05:44.911Z - debug:  [06316] TFVC errors (via stderr): Unable to determine the source control server.

2018-12-28T03:05:44.912Z - error:  [06316] Could not find a workspace with mappings (e.g., not a TFVC repository, wrong version of TF is being used).
2018-12-28T03:06:20.298Z - debug:  [06316] Reinitializing due to onDidChangeConfiguration
2018-12-28T03:06:20.308Z - debug:  [06316] Polling interval value (minutes): 5
2018-12-28T03:06:20.308Z - debug:  [06316] Polling interval must be greater than 10 minutes.
2018-12-28T03:06:20.335Z - info:   [06316] *** FOLDER: d:\Git\ixin\landing ***
2018-12-28T03:06:20.335Z - info:   [06316] AzureReposVSCode/1.144.1 (VSCode 1.30.1; Windows_NT 10.0.17134; Node 8.9.3)
2018-12-28T03:06:20.335Z - debug:  [06316] Looking for an External Context at d:\Git\ixin\landing
2018-12-28T03:06:20.336Z - debug:  [06316] No External Context at d:\Git\ixin\landing
2018-12-28T03:06:20.351Z - debug:  [06316] Looking for TFVC repository at d:\Git\ixin\landing
2018-12-28T03:06:20.352Z - debug:  [06316] TFVC Creating Tfvc object with localPath='undefined'
2018-12-28T03:06:20.367Z - debug:  [06316] Using TFS proxy: 
2018-12-28T03:06:20.382Z - debug:  [06316] TFVC Retrieved from settings; localPath='C:\Program Files (x86)\Microsoft Visual Studio 14.0\Common7\IDE\TF.exe'
2018-12-28T03:06:20.384Z - debug:  [06316] TFVC Repository created with repositoryRootFolder='d:\Git\ixin\landing'
2018-12-28T03:06:20.392Z - debug:  [06316] TFVC Repository.CheckVersion
2018-12-28T03:06:20.394Z - debug:  [06316] TFVC: tf add -noprompt -?
2018-12-28T03:06:20.402Z - debug:  [06316] TFVC: spawned new process (duration: 5ms)
2018-12-28T03:06:20.525Z - debug:  [06316] TFVC: add exit code: 0 (duration: 129ms)
2018-12-28T03:06:20.527Z - debug:  [06316] TFVC Minimum required version: 14.102.0
2018-12-28T03:06:20.527Z - debug:  [06316] TFVC (TF.exe, TF.cmd) version: 14.102.25619.0
2018-12-28T03:06:20.528Z - debug:  [06316] TFVC Repository.FindWorkspace with localPath='d:\Git\ixin\landing'
2018-12-28T03:06:20.528Z - debug:  [06316] TFVC: tf workfold -noprompt ********
2018-12-28T03:06:20.548Z - debug:  [06316] TFVC: spawned new process (duration: 18ms)
2018-12-28T03:06:21.074Z - debug:  [06316] TFVC: workfold exit code: 100 (duration: 545ms)
2018-12-28T03:06:21.074Z - debug:  [06316] TFVC errors (via stderr): Unable to determine the source control server.

2018-12-28T03:06:21.074Z - error:  [06316] Could not find a workspace with mappings (e.g., not a TFVC repository, wrong version of TF is being used).
2018-12-28T03:06:25.035Z - debug:  [06316] Reinitializing due to onDidChangeConfiguration
2018-12-28T03:06:25.036Z - debug:  [06316] Polling interval value (minutes): 5
2018-12-28T03:06:25.036Z - debug:  [06316] Polling interval must be greater than 10 minutes.
2018-12-28T03:06:25.040Z - info:   [06316] *** FOLDER: d:\Git\ixin\landing ***
2018-12-28T03:06:25.040Z - info:   [06316] AzureReposVSCode/1.144.1 (VSCode 1.30.1; Windows_NT 10.0.17134; Node 8.9.3)
2018-12-28T03:06:25.040Z - debug:  [06316] Looking for an External Context at d:\Git\ixin\landing
2018-12-28T03:06:25.041Z - debug:  [06316] No External Context at d:\Git\ixin\landing
2018-12-28T03:06:25.046Z - debug:  [06316] Looking for TFVC repository at d:\Git\ixin\landing
2018-12-28T03:06:25.047Z - debug:  [06316] TFVC Creating Tfvc object with localPath='undefined'
2018-12-28T03:06:25.048Z - debug:  [06316] Using TFS proxy: 
2018-12-28T03:06:25.048Z - debug:  [06316] TFVC Retrieved from settings; localPath='C:\Program Files (x86)\Microsoft Visual Studio 14.0\Common7\IDE\TF.exe'
2018-12-28T03:06:25.049Z - debug:  [06316] TFVC Repository created with repositoryRootFolder='d:\Git\ixin\landing'
2018-12-28T03:06:25.049Z - debug:  [06316] TFVC Repository.CheckVersion
2018-12-28T03:06:25.050Z - debug:  [06316] TFVC: tf add -noprompt -?
2018-12-28T03:06:25.054Z - debug:  [06316] TFVC: spawned new process (duration: 4ms)
2018-12-28T03:06:25.114Z - debug:  [06316] TFVC: add exit code: 0 (duration: 64ms)
2018-12-28T03:06:25.114Z - debug:  [06316] TFVC Minimum required version: 14.102.0
2018-12-28T03:06:25.115Z - debug:  [06316] TFVC (TF.exe, TF.cmd) version: 14.102.25619.0
2018-12-28T03:06:25.116Z - debug:  [06316] TFVC Repository.FindWorkspace with localPath='d:\Git\ixin\landing'
2018-12-28T03:06:25.116Z - debug:  [06316] TFVC: tf workfold -noprompt ********
2018-12-28T03:06:25.121Z - debug:  [06316] TFVC: spawned new process (duration: 4ms)
2018-12-28T03:06:25.502Z - debug:  [06316] TFVC: workfold exit code: 100 (duration: 386ms)
2018-12-28T03:06:25.502Z - debug:  [06316] TFVC errors (via stderr): Unable to determine the source control server.

2018-12-28T03:06:25.503Z - error:  [06316] Could not find a workspace with mappings (e.g., not a TFVC repository, wrong version of TF is being used).
2018-12-28T03:06:26.768Z - debug:  [06316] Reinitializing due to onDidChangeConfiguration
2018-12-28T03:06:26.770Z - debug:  [06316] Polling interval value (minutes): 5
2018-12-28T03:06:26.770Z - debug:  [06316] Polling interval must be greater than 10 minutes.
2018-12-28T03:06:26.784Z - info:   [06316] *** FOLDER: d:\Git\ixin\landing ***
2018-12-28T03:06:26.785Z - info:   [06316] AzureReposVSCode/1.144.1 (VSCode 1.30.1; Windows_NT 10.0.17134; Node 8.9.3)
2018-12-28T03:06:26.787Z - debug:  [06316] Looking for an External Context at d:\Git\ixin\landing
2018-12-28T03:06:26.787Z - debug:  [06316] No External Context at d:\Git\ixin\landing
2018-12-28T03:06:26.799Z - debug:  [06316] Looking for TFVC repository at d:\Git\ixin\landing
2018-12-28T03:06:26.799Z - debug:  [06316] TFVC Creating Tfvc object with localPath='undefined'
2018-12-28T03:06:26.805Z - debug:  [06316] Using TFS proxy: 
2018-12-28T03:06:26.805Z - debug:  [06316] TFVC Retrieved from settings; localPath='C:\Program Files (x86)\Microsoft Visual Studio 14.0\Common7\IDE\TF.exe'
2018-12-28T03:06:26.806Z - debug:  [06316] TFVC Repository created with repositoryRootFolder='d:\Git\ixin\landing'
2018-12-28T03:06:26.812Z - debug:  [06316] TFVC Repository.CheckVersion
2018-12-28T03:06:26.812Z - debug:  [06316] TFVC: tf add -noprompt -?
2018-12-28T03:06:26.821Z - debug:  [06316] TFVC: spawned new process (duration: 5ms)
2018-12-28T03:06:26.905Z - debug:  [06316] TFVC: add exit code: 0 (duration: 93ms)
2018-12-28T03:06:26.906Z - debug:  [06316] TFVC Minimum required version: 14.102.0
2018-12-28T03:06:26.906Z - debug:  [06316] TFVC (TF.exe, TF.cmd) version: 14.102.25619.0
2018-12-28T03:06:26.907Z - debug:  [06316] TFVC Repository.FindWorkspace with localPath='d:\Git\ixin\landing'
2018-12-28T03:06:26.907Z - debug:  [06316] TFVC: tf workfold -noprompt ********
2018-12-28T03:06:26.914Z - debug:  [06316] TFVC: spawned new process (duration: 5ms)
2018-12-28T03:06:27.234Z - debug:  [06316] TFVC: workfold exit code: 100 (duration: 326ms)
2018-12-28T03:06:27.235Z - debug:  [06316] TFVC errors (via stderr): Unable to determine the source control server.

2018-12-28T03:06:27.235Z - error:  [06316] Could not find a workspace with mappings (e.g., not a TFVC repository, wrong version of TF is being used).
2018-12-28T03:06:28.367Z - debug:  [06316] Reinitializing due to onDidChangeConfiguration
2018-12-28T03:06:28.368Z - debug:  [06316] Polling interval value (minutes): 5
2018-12-28T03:06:28.368Z - debug:  [06316] Polling interval must be greater than 10 minutes.
2018-12-28T03:06:28.371Z - info:   [06316] *** FOLDER: d:\Git\ixin\landing ***
2018-12-28T03:06:28.371Z - info:   [06316] AzureReposVSCode/1.144.1 (VSCode 1.30.1; Windows_NT 10.0.17134; Node 8.9.3)
2018-12-28T03:06:28.371Z - debug:  [06316] Looking for an External Context at d:\Git\ixin\landing
2018-12-28T03:06:28.371Z - debug:  [06316] No External Context at d:\Git\ixin\landing
2018-12-28T03:06:28.378Z - debug:  [06316] Looking for TFVC repository at d:\Git\ixin\landing
2018-12-28T03:06:28.378Z - debug:  [06316] TFVC Creating Tfvc object with localPath='undefined'
2018-12-28T03:06:28.379Z - debug:  [06316] Using TFS proxy: 
2018-12-28T03:06:28.379Z - debug:  [06316] TFVC Retrieved from settings; localPath='C:\Program Files (x86)\Microsoft Visual Studio 14.0\Common7\IDE\TF.exe'
2018-12-28T03:06:28.380Z - debug:  [06316] TFVC Repository created with repositoryRootFolder='d:\Git\ixin\landing'
2018-12-28T03:06:28.381Z - debug:  [06316] TFVC Repository.CheckVersion
2018-12-28T03:06:28.381Z - debug:  [06316] TFVC: tf add -noprompt -?
2018-12-28T03:06:28.381Z - debug:  [06316] TFVC: spawned new process (duration: 0ms)
2018-12-28T03:06:28.446Z - debug:  [06316] TFVC: add exit code: 0 (duration: 65ms)
2018-12-28T03:06:28.446Z - debug:  [06316] TFVC Minimum required version: 14.102.0
2018-12-28T03:06:28.446Z - debug:  [06316] TFVC (TF.exe, TF.cmd) version: 14.102.25619.0
2018-12-28T03:06:28.446Z - debug:  [06316] TFVC Repository.FindWorkspace with localPath='d:\Git\ixin\landing'
2018-12-28T03:06:28.446Z - debug:  [06316] TFVC: tf workfold -noprompt ********
2018-12-28T03:06:28.446Z - debug:  [06316] TFVC: spawned new process (duration: 0ms)
2018-12-28T03:06:28.734Z - debug:  [06316] TFVC: workfold exit code: 100 (duration: 288ms)
2018-12-28T03:06:28.735Z - debug:  [06316] TFVC errors (via stderr): Unable to determine the source control server.

2018-12-28T03:06:28.735Z - error:  [06316] Could not find a workspace with mappings (e.g., not a TFVC repository, wrong version of TF is being used).
2018-12-28T03:06:34.374Z - debug:  [06316] Reinitializing due to onDidChangeConfiguration
2018-12-28T03:06:34.374Z - debug:  [06316] Polling interval value (minutes): 5
2018-12-28T03:06:34.374Z - debug:  [06316] Polling interval must be greater than 10 minutes.
2018-12-28T03:06:34.377Z - info:   [06316] *** FOLDER: d:\Git\ixin\landing ***
2018-12-28T03:06:34.377Z - info:   [06316] AzureReposVSCode/1.144.1 (VSCode 1.30.1; Windows_NT 10.0.17134; Node 8.9.3)
2018-12-28T03:06:34.378Z - debug:  [06316] Looking for an External Context at d:\Git\ixin\landing
2018-12-28T03:06:34.378Z - debug:  [06316] No External Context at d:\Git\ixin\landing
2018-12-28T03:06:34.384Z - debug:  [06316] Looking for TFVC repository at d:\Git\ixin\landing
2018-12-28T03:06:34.385Z - debug:  [06316] TFVC Creating Tfvc object with localPath='undefined'
2018-12-28T03:06:34.385Z - debug:  [06316] Using TFS proxy: 
2018-12-28T03:06:34.386Z - debug:  [06316] TFVC Retrieved from settings; localPath='C:\Program Files (x86)\Microsoft Visual Studio 14.0\Common7\IDE\TF.exe'
2018-12-28T03:06:34.386Z - debug:  [06316] TFVC Repository created with repositoryRootFolder='d:\Git\ixin\landing'
2018-12-28T03:06:34.387Z - debug:  [06316] TFVC Repository.CheckVersion
2018-12-28T03:06:34.387Z - debug:  [06316] TFVC: tf add -noprompt -?
2018-12-28T03:06:34.388Z - debug:  [06316] TFVC: spawned new process (duration: 0ms)
2018-12-28T03:06:34.438Z - debug:  [06316] TFVC: add exit code: 0 (duration: 50ms)
2018-12-28T03:06:34.438Z - debug:  [06316] TFVC Minimum required version: 14.102.0
2018-12-28T03:06:34.438Z - debug:  [06316] TFVC (TF.exe, TF.cmd) version: 14.102.25619.0
2018-12-28T03:06:34.438Z - debug:  [06316] TFVC Repository.FindWorkspace with localPath='d:\Git\ixin\landing'
2018-12-28T03:06:34.438Z - debug:  [06316] TFVC: tf workfold -noprompt ********
2018-12-28T03:06:34.454Z - debug:  [06316] TFVC: spawned new process (duration: 16ms)
2018-12-28T03:06:34.795Z - debug:  [06316] TFVC: workfold exit code: 100 (duration: 357ms)
2018-12-28T03:06:34.795Z - debug:  [06316] TFVC errors (via stderr): Unable to determine the source control server.

2018-12-28T03:06:34.795Z - error:  [06316] Could not find a workspace with mappings (e.g., not a TFVC repository, wrong version of TF is being used).
2018-12-28T03:06:36.764Z - debug:  [06316] Reinitializing due to onDidChangeConfiguration
2018-12-28T03:06:36.765Z - debug:  [06316] Polling interval value (minutes): 5
2018-12-28T03:06:36.766Z - debug:  [06316] Polling interval must be greater than 10 minutes.
2018-12-28T03:06:36.770Z - info:   [06316] *** FOLDER: d:\Git\ixin\landing ***
2018-12-28T03:06:36.770Z - info:   [06316] AzureReposVSCode/1.144.1 (VSCode 1.30.1; Windows_NT 10.0.17134; Node 8.9.3)
2018-12-28T03:06:36.770Z - debug:  [06316] Looking for an External Context at d:\Git\ixin\landing
2018-12-28T03:06:36.771Z - debug:  [06316] No External Context at d:\Git\ixin\landing
2018-12-28T03:06:36.779Z - debug:  [06316] Looking for TFVC repository at d:\Git\ixin\landing
2018-12-28T03:06:36.779Z - debug:  [06316] TFVC Creating Tfvc object with localPath='undefined'
2018-12-28T03:06:36.780Z - debug:  [06316] Using TFS proxy: 
2018-12-28T03:06:36.781Z - debug:  [06316] TFVC Retrieved from settings; localPath='C:\Program Files (x86)\Microsoft Visual Studio 14.0\Common7\IDE\TF.exe'
2018-12-28T03:06:36.781Z - debug:  [06316] TFVC Repository created with repositoryRootFolder='d:\Git\ixin\landing'
2018-12-28T03:06:36.782Z - debug:  [06316] TFVC Repository.CheckVersion
2018-12-28T03:06:36.783Z - debug:  [06316] TFVC: tf add -noprompt -?
2018-12-28T03:06:36.790Z - debug:  [06316] TFVC: spawned new process (duration: 5ms)
2018-12-28T03:06:36.854Z - debug:  [06316] TFVC: add exit code: 0 (duration: 71ms)
2018-12-28T03:06:36.854Z - debug:  [06316] TFVC Minimum required version: 14.102.0
2018-12-28T03:06:36.855Z - debug:  [06316] TFVC (TF.exe, TF.cmd) version: 14.102.25619.0
2018-12-28T03:06:36.855Z - debug:  [06316] TFVC Repository.FindWorkspace with localPath='d:\Git\ixin\landing'
2018-12-28T03:06:36.855Z - debug:  [06316] TFVC: tf workfold -noprompt ********
2018-12-28T03:06:36.861Z - debug:  [06316] TFVC: spawned new process (duration: 5ms)
2018-12-28T03:06:37.260Z - debug:  [06316] TFVC: workfold exit code: 100 (duration: 405ms)
2018-12-28T03:06:37.262Z - debug:  [06316] TFVC errors (via stderr): Unable to determine the source control server.

2018-12-28T03:06:37.263Z - error:  [06316] Could not find a workspace with mappings (e.g., not a TFVC repository, wrong version of TF is being used).
2018-12-29T19:25:41.437Z - info:   [15364] *** FOLDER: d:\Git\ixin\landing ***
2018-12-29T19:25:41.438Z - info:   [15364] AzureReposVSCode/1.144.1 (VSCode 1.30.1; Windows_NT 10.0.17134; Node 8.9.3)
2018-12-29T19:25:41.438Z - debug:  [15364] Looking for an External Context at d:\Git\ixin\landing
2018-12-29T19:25:41.438Z - debug:  [15364] No External Context at d:\Git\ixin\landing
2018-12-29T19:25:41.440Z - debug:  [15364] Looking for TFVC repository at d:\Git\ixin\landing
2018-12-29T19:25:41.440Z - debug:  [15364] TFVC Creating Tfvc object with localPath='undefined'
2018-12-29T19:25:41.441Z - debug:  [15364] Using TFS proxy: 
2018-12-29T19:25:41.441Z - debug:  [15364] TFVC Retrieved from settings; localPath='C:\Program Files (x86)\Microsoft Visual Studio 14.0\Common7\IDE\TF.exe'
2018-12-29T19:25:41.442Z - debug:  [15364] TFVC Repository created with repositoryRootFolder='d:\Git\ixin\landing'
2018-12-29T19:25:41.443Z - debug:  [15364] TFVC Repository.CheckVersion
2018-12-29T19:25:41.443Z - debug:  [15364] TFVC: tf add -noprompt -?
2018-12-29T19:25:41.450Z - debug:  [15364] TFVC: spawned new process (duration: 6ms)
2018-12-29T19:25:41.450Z - debug:  [15364] TFVC: spawned new process (duration: 0ms)
2018-12-29T19:25:42.269Z - debug:  [15364] TFVC: add exit code: 0 (duration: 825ms)
2018-12-29T19:25:42.270Z - debug:  [15364] TFVC Minimum required version: 14.102.0
2018-12-29T19:25:42.270Z - debug:  [15364] TFVC (TF.exe, TF.cmd) version: 14.102.25619.0
2018-12-29T19:25:42.271Z - debug:  [15364] TFVC Repository.FindWorkspace with localPath='d:\Git\ixin\landing'
2018-12-29T19:25:42.271Z - debug:  [15364] TFVC: tf workfold -noprompt ********
2018-12-29T19:25:42.276Z - debug:  [15364] TFVC: spawned new process (duration: 4ms)
2018-12-29T19:25:42.863Z - debug:  [15364] TFVC: workfold exit code: 100 (duration: 592ms)
2018-12-29T19:25:42.864Z - debug:  [15364] TFVC errors (via stderr): Unable to determine the source control server.

2018-12-29T19:25:42.864Z - error:  [15364] Could not find a workspace with mappings (e.g., not a TFVC repository, wrong version of TF is being used).
